#
# A fatal error has been detected by the Java Runtime Environment:
#
#  EXCEPTION_ACCESS_VIOLATION (0xc0000005) at pc=0x00000000568100a3, pid=8564, tid=8188
#
# JRE version: Java(TM) SE Runtime Environment (8.0_31-b13) (build 1.8.0_31-b13)
# Java VM: Java HotSpot(TM) 64-Bit Server VM (25.31-b07 mixed mode windows-amd64 compressed oops)
# Problematic frame:
# V  [jvm.dll+0x3d00a3]
#
# Failed to write core dump. Minidumps are not enabled by default on client versions of Windows
#
# If you would like to submit a bug report, please visit:
#   http://bugreport.java.com/bugreport/crash.jsp
#

---------------  T H R E A D  ---------------

Current thread (0x0000000002887000):  GCTaskThread [stack: 0x00000000120a0000,0x00000000121a0000] [id=8188]

siginfo: ExceptionCode=0xc0000005, reading address 0x0000000100400b70

Registers:
RAX=0x0000000000000004, RBX=0x0000000011d37f53, RCX=0x0000000000000003, RDX=0x0000000015004380
RSP=0x000000001219f570, RBP=0x0000000011d37f81, RSI=0x00000000c0fea600, RDI=0x00000000c0fea010
R8 =0x0000000100079b90, R9 =0x0000000100400b68, R10=0x000000000000000c, R11=0x000000000000000c
R12=0x0000000011d37f4f, R13=0x0000000015004380, R14=0x0000000002882080, R15=0x000000000000000c
RIP=0x00000000568100a3, EFLAGS=0x0000000000010202

Top of Stack: (sp=0x000000001219f570)
0x000000001219f570:   0000000011d37f53 0000000011d37f81
0x000000001219f580:   00000000c0fea600 00000000c0fe90e9
0x000000001219f590:   0000000011d37e00 0000000011d3828d
0x000000001219f5a0:   0000000000000200 0000000000000100
0x000000001219f5b0:   00000000028702d0 0000000002886560
0x000000001219f5c0:   0000000056a64fb0 0000000000000000
0x000000001219f5d0:   0000000000000000 0000000014f154c0
0x000000001219f5e0:   0000000002887510 0000000002887500
0x000000001219f5f0:   0000000015004380 0000000056822d52
0x000000001219f600:   0000000011d37f00 0000000002882240
0x000000001219f610:   00000000c0ff0008 00000000c1051980
0x000000001219f620:   0000000015004380 0000000000000002
0x000000001219f630:   0000000000000004 0000000002884180
0x000000001219f640:   0000000014f154c0 0000000056811b5e
0x000000001219f650:   0000000002887000 0000000000000000
0x000000001219f660:   0000000000000000 0000000000000000 

Instructions: (pc=0x00000000568100a3)
0x0000000056810083:   43 40 00 00 74 16 44 8b 4f 08 8b 0d b5 c4 39 00
0x0000000056810093:   49 d3 e1 4c 03 0d a3 c4 39 00 eb 04 4c 8b 4f 08
0x00000000568100a3:   41 81 79 08 00 00 00 c0 73 12 49 8b 01 4c 8b c7
0x00000000568100b3:   49 8b d5 49 8b c9 ff 90 20 01 00 00 80 3d e3 42 


Register to memory mapping:

RAX=0x0000000000000004 is an unknown value
RBX=0x0000000011d37f53 is an unknown value
RCX=0x0000000000000003 is an unknown value
RDX=0x0000000015004380 is an unknown value
RSP=0x000000001219f570 is an unknown value
RBP=0x0000000011d37f81 is an unknown value
RSI=0x00000000c0fea600 is pointing into object: 0x00000000c0fea5f8
com.android.dx.util.IntList 
 - klass: 'com/android/dx/util/IntList'
RDI=
[error occurred during error reporting (printing register info), id 0xc0000005]

Stack: [0x00000000120a0000,0x00000000121a0000],  sp=0x000000001219f570,  free space=1021k
Native frames: (J=compiled Java code, j=interpreted, Vv=VM code, C=native code)
V  [jvm.dll+0x3d00a3]
V  [jvm.dll+0x3e2d52]
V  [jvm.dll+0x3d1b5e]
V  [jvm.dll+0x28576a]
C  [msvcr100.dll+0x21d9f]
C  [msvcr100.dll+0x21e3b]
C  [KERNEL32.DLL+0x1611]
C  [ntdll.dll+0x764ad]


---------------  P R O C E S S  ---------------

Java Threads: ( => current thread )
  0x00000000168a4800 JavaThread "Service Thread" daemon [_thread_blocked, id=8556, stack(0x0000000016ca0000,0x0000000016da0000)]
  0x000000001509c000 JavaThread "C1 CompilerThread2" daemon [_thread_blocked, id=8704, stack(0x00000000167a0000,0x00000000168a0000)]
  0x000000001508d800 JavaThread "C2 CompilerThread1" daemon [_thread_blocked, id=4744, stack(0x00000000166a0000,0x00000000167a0000)]
  0x000000001503c800 JavaThread "C2 CompilerThread0" daemon [_thread_blocked, id=6740, stack(0x00000000165a0000,0x00000000166a0000)]
  0x000000001503b000 JavaThread "Attach Listener" daemon [_thread_blocked, id=8420, stack(0x00000000164a0000,0x00000000165a0000)]
  0x0000000015039000 JavaThread "Signal Dispatcher" daemon [_thread_blocked, id=7616, stack(0x00000000163a0000,0x00000000164a0000)]
  0x0000000002965800 JavaThread "Finalizer" daemon [_thread_blocked, id=3160, stack(0x00000000162a0000,0x00000000163a0000)]
  0x000000000295c800 JavaThread "Reference Handler" daemon [_thread_blocked, id=7496, stack(0x00000000161a0000,0x00000000162a0000)]
  0x0000000002873000 JavaThread "main" [_thread_blocked, id=5768, stack(0x00000000026b0000,0x00000000027b0000)]

Other Threads:
  0x0000000015006800 VMThread [stack: 0x00000000160a0000,0x00000000161a0000] [id=8956]
  0x00000000168a7000 WatcherThread [stack: 0x0000000016da0000,0x0000000016ea0000] [id=6872]

=>0x0000000002887000 (exited) GCTaskThread [stack: 0x00000000120a0000,0x00000000121a0000] [id=8188]

VM state:at safepoint (normal execution)

VM Mutex/Monitor currently owned by a thread:  ([mutex/lock_event])
[0x000000000286cb40] Threads_lock - owner thread: 0x0000000015006800
[0x000000000286ccc0] Heap_lock - owner thread: 0x0000000002873000

Heap:
 PSYoungGen      total 71680K, used 71651K [0x00000000eab00000, 0x00000000f3700000, 0x0000000100000000)
  eden space 66560K, 100% used [0x00000000eab00000,0x00000000eec00000,0x00000000eec00000)
  from space 5120K, 99% used [0x00000000eec00000,0x00000000ef0f8f40,0x00000000ef100000)
  to   space 5120K, 99% used [0x00000000f3200000,0x00000000f36ff078,0x00000000f3700000)
 ParOldGen       total 87552K, used 27294K [0x00000000c0000000, 0x00000000c5580000, 0x00000000eab00000)
  object space 87552K, 31% used [0x00000000c0000000,0x00000000c1aa7a98,0x00000000c5580000)
 Metaspace       used 5970K, capacity 7088K, committed 7296K, reserved 1056768K
  class space    used 573K, capacity 616K, committed 640K, reserved 1048576K

Card table byte_map: [0x0000000011d30000,0x0000000011f40000] byte_map_base: 0x0000000011730000

Marking Bits: (ParMarkBitMap*) 0x0000000056c1d4f0
 Begin Bits: [0x00000000124a0000, 0x00000000134a0000)
 End Bits:   [0x00000000134a0000, 0x00000000144a0000)

Polling page: 0x0000000000dd0000

CodeCache: size=245760Kb used=9521Kb max_used=9532Kb free=236238Kb
 bounds [0x0000000002970000, 0x00000000032d0000, 0x0000000011970000]
 total_blobs=2166 nmethods=1908 adapters=172
 compilation: enabled

Compilation events (10 events):
Event: 13.014 Thread 0x000000001508d800 nmethod 1900 0x00000000032ae050 code [0x00000000032af820, 0x00000000032b5fb8]
Event: 13.050 Thread 0x000000001503c800 nmethod 1905 0x00000000032be0d0 code [0x00000000032be440, 0x00000000032c0548]
Event: 13.051 Thread 0x000000001509c000 1906       3       com.android.dx.ssa.back.FirstFitLocalCombiningAllocator::markReserved (13 bytes)
Event: 13.051 Thread 0x000000001509c000 nmethod 1906 0x00000000032a2110 code [0x00000000032a2280, 0x00000000032a2488]
Event: 13.051 Thread 0x000000001509c000 1907       3       java.util.BitSet::set (20 bytes)
Event: 13.051 Thread 0x000000001509c000 nmethod 1907 0x00000000032a1cd0 code [0x00000000032a1e40, 0x00000000032a2058]
Event: 13.068 Thread 0x000000001509c000 1908   !   3       com.android.dx.dex.cf.CfTranslator::processMethods (583 bytes)
Event: 13.075 Thread 0x000000001509c000 nmethod 1908 0x00000000032c37d0 code [0x00000000032c3f60, 0x00000000032c9ce8]
Event: 13.091 Thread 0x000000001508d800 1909       4       java.util.HashMap::<init> (11 bytes)
Event: 13.091 Thread 0x000000001508d800 nmethod 1909 0x00000000030e2210 code [0x00000000030e2340, 0x00000000030e2398]

GC Heap History (7 events):
Event: 3.044 GC heap before
{Heap before GC invocations=1 (full 0):
 PSYoungGen      total 38400K, used 33280K [0x00000000eab00000, 0x00000000ed580000, 0x0000000100000000)
  eden space 33280K, 100% used [0x00000000eab00000,0x00000000ecb80000,0x00000000ecb80000)
  from space 5120K, 0% used [0x00000000ed080000,0x00000000ed080000,0x00000000ed580000)
  to   space 5120K, 0% used [0x00000000ecb80000,0x00000000ecb80000,0x00000000ed080000)
 ParOldGen       total 87552K, used 0K [0x00000000c0000000, 0x00000000c5580000, 0x00000000eab00000)
  object space 87552K, 0% used [0x00000000c0000000,0x00000000c0000000,0x00000000c5580000)
 Metaspace       used 5683K, capacity 6960K, committed 7040K, reserved 1056768K
  class space    used 549K, capacity 616K, committed 640K, reserved 1048576K
Event: 3.175 GC heap after
Heap after GC invocations=1 (full 0):
 PSYoungGen      total 38400K, used 5111K [0x00000000eab00000, 0x00000000ef600000, 0x0000000100000000)
  eden space 33280K, 0% used [0x00000000eab00000,0x00000000eab00000,0x00000000ecb80000)
  from space 5120K, 99% used [0x00000000ecb80000,0x00000000ed07dd78,0x00000000ed080000)
  to   space 5120K, 0% used [0x00000000ef100000,0x00000000ef100000,0x00000000ef600000)
 ParOldGen       total 87552K, used 1453K [0x00000000c0000000, 0x00000000c5580000, 0x00000000eab00000)
  object space 87552K, 1% used [0x00000000c0000000,0x00000000c016b588,0x00000000c5580000)
 Metaspace       used 5683K, capacity 6960K, committed 7040K, reserved 1056768K
  class space    used 549K, capacity 616K, committed 640K, reserved 1048576K
}
Event: 7.253 GC heap before
{Heap before GC invocations=2 (full 0):
 PSYoungGen      total 38400K, used 38391K [0x00000000eab00000, 0x00000000ef600000, 0x0000000100000000)
  eden space 33280K, 100% used [0x00000000eab00000,0x00000000ecb80000,0x00000000ecb80000)
  from space 5120K, 99% used [0x00000000ecb80000,0x00000000ed07dd78,0x00000000ed080000)
  to   space 5120K, 0% used [0x00000000ef100000,0x00000000ef100000,0x00000000ef600000)
 ParOldGen       total 87552K, used 1453K [0x00000000c0000000, 0x00000000c5580000, 0x00000000eab00000)
  object space 87552K, 1% used [0x00000000c0000000,0x00000000c016b588,0x00000000c5580000)
 Metaspace       used 5809K, capacity 7088K, committed 7296K, reserved 1056768K
  class space    used 553K, capacity 616K, committed 640K, reserved 1048576K
Event: 7.494 GC heap after
Heap after GC invocations=2 (full 0):
 PSYoungGen      total 71680K, used 5091K [0x00000000eab00000, 0x00000000ef600000, 0x0000000100000000)
  eden space 66560K, 0% used [0x00000000eab00000,0x00000000eab00000,0x00000000eec00000)
  from space 5120K, 99% used [0x00000000ef100000,0x00000000ef5f8e68,0x00000000ef600000)
  to   space 5120K, 0% used [0x00000000eec00000,0x00000000eec00000,0x00000000ef100000)
 ParOldGen       total 87552K, used 6622K [0x00000000c0000000, 0x00000000c5580000, 0x00000000eab00000)
  object space 87552K, 7% used [0x00000000c0000000,0x00000000c06778e8,0x00000000c5580000)
 Metaspace       used 5809K, capacity 7088K, committed 7296K, reserved 1056768K
  class space    used 553K, capacity 616K, committed 640K, reserved 1048576K
}
Event: 11.843 GC heap before
{Heap before GC invocations=3 (full 0):
 PSYoungGen      total 71680K, used 71651K [0x00000000eab00000, 0x00000000ef600000, 0x0000000100000000)
  eden space 66560K, 100% used [0x00000000eab00000,0x00000000eec00000,0x00000000eec00000)
  from space 5120K, 99% used [0x00000000ef100000,0x00000000ef5f8e68,0x00000000ef600000)
  to   space 5120K, 0% used [0x00000000eec00000,0x00000000eec00000,0x00000000ef100000)
 ParOldGen       total 87552K, used 6622K [0x00000000c0000000, 0x00000000c5580000, 0x00000000eab00000)
  object space 87552K, 7% used [0x00000000c0000000,0x00000000c06778e8,0x00000000c5580000)
 Metaspace       used 5949K, capacity 7088K, committed 7296K, reserved 1056768K
  class space    used 573K, capacity 616K, committed 640K, reserved 1048576K
Event: 11.907 GC heap after
Heap after GC invocations=3 (full 0):
 PSYoungGen      total 71680K, used 5091K [0x00000000eab00000, 0x00000000f3700000, 0x0000000100000000)
  eden space 66560K, 0% used [0x00000000eab00000,0x00000000eab00000,0x00000000eec00000)
  from space 5120K, 99% used [0x00000000eec00000,0x00000000ef0f8f40,0x00000000ef100000)
  to   space 5120K, 0% used [0x00000000f3200000,0x00000000f3200000,0x00000000f3700000)
 ParOldGen       total 87552K, used 16710K [0x00000000c0000000, 0x00000000c5580000, 0x00000000eab00000)
  object space 87552K, 19% used [0x00000000c0000000,0x00000000c1051980,0x00000000c5580000)
 Metaspace       used 5949K, capacity 7088K, committed 7296K, reserved 1056768K
  class space    used 573K, capacity 616K, committed 640K, reserved 1048576K
}
Event: 13.094 GC heap before
{Heap before GC invocations=4 (full 0):
 PSYoungGen      total 71680K, used 71651K [0x00000000eab00000, 0x00000000f3700000, 0x0000000100000000)
  eden space 66560K, 100% used [0x00000000eab00000,0x00000000eec00000,0x00000000eec00000)
  from space 5120K, 99% used [0x00000000eec00000,0x00000000ef0f8f40,0x00000000ef100000)
  to   space 5120K, 0% used [0x00000000f3200000,0x00000000f3200000,0x00000000f3700000)
 ParOldGen       total 87552K, used 16710K [0x00000000c0000000, 0x00000000c5580000, 0x00000000eab00000)
  object space 87552K, 19% used [0x00000000c0000000,0x00000000c1051980,0x00000000c5580000)
 Metaspace       used 5970K, capacity 7088K, committed 7296K, reserved 1056768K
  class space    used 573K, capacity 616K, committed 640K, reserved 1048576K

Deoptimization events (10 events):
Event: 11.940 Thread 0x0000000002873000 Uncommon trap: reason=bimorphic action=maybe_recompile pc=0x000000000312ca60 method=com.android.dx.cf.code.BytecodeArray.parseInstruction(ILcom/android/dx/cf/code/BytecodeArray$Visitor;)I @ 2484
Event: 12.395 Thread 0x0000000002873000 Uncommon trap: reason=unreached action=reinterpret pc=0x000000000321c2cc method=com.android.dx.cf.direct.StdAttributeFactory.parse0(Lcom/android/dx/cf/direct/DirectClassFile;ILjava/lang/String;IILcom/android/dx/cf/iface/ParseObserver;)Lcom/android/dx/cf/ifáŒ‰“5)@
Event: 12.605 Thread 0x0000000002873000 Uncommon trap: reason=bimorphic action=maybe_recompile pc=0x00000000031de940 method=java.util.HashMap.putVal(ILjava/lang/Object;Ljava/lang/Object;ZZ)Ljava/lang/Object; @ 203
Event: 12.666 Thread 0x0000000002873000 Uncommon trap: reason=class_check action=maybe_recompile pc=0x000000000326e808 method=com.android.dx.cf.code.BytecodeArray.parseInstruction(ILcom/android/dx/cf/code/BytecodeArray$Visitor;)I @ 2002
Event: 12.676 Thread 0x0000000002873000 Uncommon trap: reason=class_check action=maybe_recompile pc=0x000000000326e808 method=com.android.dx.cf.code.BytecodeArray.parseInstruction(ILcom/android/dx/cf/code/BytecodeArray$Visitor;)I @ 2002
Event: 12.687 Thread 0x0000000002873000 Uncommon trap: reason=unloaded action=reinterpret pc=0x0000000002fff054 method=com.android.dx.cf.cst.ConstantPoolParser.parse0(ILjava/util/BitSet;)Lcom/android/dx/rop/cst/Constant; @ 220
Event: 12.755 Thread 0x0000000002873000 Uncommon trap: reason=unreached action=reinterpret pc=0x0000000003286cc8 method=com.android.dx.cf.code.Merger.mergeLocals(Lcom/android/dx/cf/code/OneLocalsArray;Lcom/android/dx/cf/code/OneLocalsArray;)Lcom/android/dx/cf/code/OneLocalsArray; @ 2
Event: 12.764 Thread 0x0000000002873000 Uncommon trap: reason=class_check action=maybe_recompile pc=0x000000000326e808 method=com.android.dx.cf.code.BytecodeArray.parseInstruction(ILcom/android/dx/cf/code/BytecodeArray$Visitor;)I @ 2002
Event: 12.788 Thread 0x0000000002873000 Uncommon trap: reason=class_check action=maybe_recompile pc=0x000000000326e808 method=com.android.dx.cf.code.BytecodeArray.parseInstruction(ILcom/android/dx/cf/code/BytecodeArray$Visitor;)I @ 2002
Event: 12.873 Thread 0x0000000002873000 Uncommon trap: reason=class_check action=maybe_recompile pc=0x0000000003114db0 method=com.android.dx.cf.code.RopperMachine.run(Lcom/android/dx/cf/code/Frame;II)V @ 310

Internal exceptions (10 events):
Event: 6.026 Thread 0x0000000002873000 Exception <a 'java/security/PrivilegedActionException'> (0x00000000ec17c280) thrown at [C:\workspace\8-2-build-windows-amd64-cygwin\jdk8u31\2394\hotspot\src\share\vm\prims\jvm.cpp, line 1312]
Event: 6.026 Thread 0x0000000002873000 Exception <a 'java/security/PrivilegedActionException'> (0x00000000ec17ec38) thrown at [C:\workspace\8-2-build-windows-amd64-cygwin\jdk8u31\2394\hotspot\src\share\vm\prims\jvm.cpp, line 1312]
Event: 6.808 Thread 0x0000000002873000 Exception <a 'java/security/PrivilegedActionException'> (0x00000000ec32ff70) thrown at [C:\workspace\8-2-build-windows-amd64-cygwin\jdk8u31\2394\hotspot\src\share\vm\prims\jvm.cpp, line 1312]
Event: 6.809 Thread 0x0000000002873000 Exception <a 'java/security/PrivilegedActionException'> (0x00000000ec335b78) thrown at [C:\workspace\8-2-build-windows-amd64-cygwin\jdk8u31\2394\hotspot\src\share\vm\prims\jvm.cpp, line 1312]
Event: 6.810 Thread 0x0000000002873000 Exception <a 'java/security/PrivilegedActionException'> (0x00000000ec33b548) thrown at [C:\workspace\8-2-build-windows-amd64-cygwin\jdk8u31\2394\hotspot\src\share\vm\prims\jvm.cpp, line 1312]
Event: 10.589 Thread 0x0000000002873000 Exception <a 'java/lang/ArrayIndexOutOfBoundsException': 18> (0x00000000ed596568) thrown at [C:\workspace\8-2-build-windows-amd64-cygwin\jdk8u31\2394\hotspot\src\share\vm\interpreter\interpreterRuntime.cpp, line 366]
Event: 10.590 Thread 0x0000000002873000 Exception <a 'java/lang/ArrayIndexOutOfBoundsException'> (0x00000000ed598000) thrown at [C:\workspace\8-2-build-windows-amd64-cygwin\jdk8u31\2394\hotspot\src\share\vm\runtime\sharedRuntime.cpp, line 604]
Event: 10.942 Thread 0x0000000002873000 Exception <a 'java/lang/ArrayIndexOutOfBoundsException'> (0x00000000ed599218) thrown at [C:\workspace\8-2-build-windows-amd64-cygwin\jdk8u31\2394\hotspot\src\share\vm\runtime\sharedRuntime.cpp, line 604]
Event: 11.687 Thread 0x0000000002873000 Exception <a 'java/security/PrivilegedActionException'> (0x00000000ee04bf10) thrown at [C:\workspace\8-2-build-windows-amd64-cygwin\jdk8u31\2394\hotspot\src\share\vm\prims\jvm.cpp, line 1312]
Event: 12.557 Thread 0x0000000002873000 Exception <a 'java/security/PrivilegedActionException'> (0x00000000eceb1110) thrown at [C:\workspace\8-2-build-windows-amd64-cygwin\jdk8u31\2394\hotspot\src\share\vm\prims\jvm.cpp, line 1312]

Events (10 events):
Event: 12.764 Thread 0x0000000002873000 Uncommon trap: trap_request=0xffffffde fr.pc=0x000000000326e808
Event: 12.764 Thread 0x0000000002873000 DEOPT PACKING pc=0x000000000326e808 sp=0x00000000027ae7f0
Event: 12.764 Thread 0x0000000002873000 DEOPT UNPACKING pc=0x00000000029b556a sp=0x00000000027ae7a8 mode 2
Event: 12.788 Thread 0x0000000002873000 Uncommon trap: trap_request=0xffffffde fr.pc=0x000000000326e808
Event: 12.788 Thread 0x0000000002873000 DEOPT PACKING pc=0x000000000326e808 sp=0x00000000027ae7f0
Event: 12.788 Thread 0x0000000002873000 DEOPT UNPACKING pc=0x00000000029b556a sp=0x00000000027ae7a8 mode 2
Event: 12.873 Thread 0x0000000002873000 Uncommon trap: trap_request=0xffffffde fr.pc=0x0000000003114db0
Event: 12.873 Thread 0x0000000002873000 DEOPT PACKING pc=0x0000000003114db0 sp=0x00000000027ae530
Event: 12.873 Thread 0x0000000002873000 DEOPT UNPACKING pc=0x00000000029b556a sp=0x00000000027ae4c0 mode 2
Event: 13.094 Executing VM operation: ParallelGCFailedAllocation


Dynamic libraries:
0x00007ff63a110000 - 0x00007ff63a144000 	C:\Program Files\Java\jdk1.8.0_31\bin\java.exe
0x00007ff85a070000 - 0x00007ff85a219000 	C:\Windows\SYSTEM32\ntdll.dll
0x00007ff857c70000 - 0x00007ff857daa000 	C:\Windows\system32\KERNEL32.DLL
0x00007ff857610000 - 0x00007ff85771f000 	C:\Windows\system32\KERNELBASE.dll
0x00007ff859f60000 - 0x00007ff85a005000 	C:\Windows\system32\ADVAPI32.dll
0x00007ff857af0000 - 0x00007ff857c61000 	C:\Windows\system32\USER32.dll
0x00007ff855430000 - 0x00007ff85568a000 	C:\Windows\WinSxS\amd64_microsoft.windows.common-controls_6595b64144ccf1df_6.0.9600.16384_none_62475f7becb72503\COMCTL32.dll
0x00007ff857a40000 - 0x00007ff857ae7000 	C:\Windows\system32\msvcrt.dll
0x00007ff857f50000 - 0x00007ff857fa7000 	C:\Windows\SYSTEM32\sechost.dll
0x00007ff859d00000 - 0x00007ff859e36000 	C:\Windows\system32\RPCRT4.dll
0x00007ff859820000 - 0x00007ff859965000 	C:\Windows\system32\GDI32.dll
0x00007ff859e60000 - 0x00007ff859e94000 	C:\Windows\system32\IMM32.DLL
0x00007ff857900000 - 0x00007ff857a39000 	C:\Windows\system32\MSCTF.dll
0x0000000055d60000 - 0x0000000055e32000 	C:\Program Files\Java\jdk1.8.0_31\jre\bin\msvcr100.dll
0x0000000056440000 - 0x0000000056c9a000 	C:\Program Files\Java\jdk1.8.0_31\jre\bin\server\jvm.dll
0x00007ff84c6b0000 - 0x00007ff84c6b9000 	C:\Windows\SYSTEM32\WSOCK32.dll
0x00007ff8550d0000 - 0x00007ff8550ef000 	C:\Windows\SYSTEM32\WINMM.dll
0x00007ff859980000 - 0x00007ff859987000 	C:\Windows\system32\PSAPI.DLL
0x00007ff858170000 - 0x00007ff8581c8000 	C:\Windows\system32\WS2_32.dll
0x00007ff854af0000 - 0x00007ff854b1a000 	C:\Windows\SYSTEM32\WINMMBASE.dll
0x00007ff859b70000 - 0x00007ff859b79000 	C:\Windows\system32\NSI.dll
0x00007ff8574c0000 - 0x00007ff85750a000 	C:\Windows\SYSTEM32\cfgmgr32.dll
0x00007ff856280000 - 0x00007ff8562a6000 	C:\Windows\SYSTEM32\DEVOBJ.dll
0x0000000056350000 - 0x000000005635f000 	C:\Program Files\Java\jdk1.8.0_31\jre\bin\verify.dll
0x0000000056320000 - 0x0000000056348000 	C:\Program Files\Java\jdk1.8.0_31\jre\bin\java.dll
0x0000000056300000 - 0x0000000056316000 	C:\Program Files\Java\jdk1.8.0_31\jre\bin\zip.dll
0x00007ff8581d0000 - 0x00007ff8595de000 	C:\Windows\system32\SHELL32.dll
0x00007ff859990000 - 0x00007ff859b67000 	C:\Windows\SYSTEM32\combase.dll
0x00007ff85a010000 - 0x00007ff85a061000 	C:\Windows\system32\SHLWAPI.dll
0x00007ff855c90000 - 0x00007ff855d31000 	C:\Windows\SYSTEM32\SHCORE.dll
0x00007ff8573f0000 - 0x00007ff857404000 	C:\Windows\SYSTEM32\profapi.dll
0x00007ff853b40000 - 0x00007ff853cc8000 	C:\Windows\SYSTEM32\dbghelp.dll

VM Arguments:
jvm_args: -Xmx1024M -Dfile.encoding=windows-1252 -Duser.country=BR -Duser.language=pt -Duser.variant 
java_command: com.android.dx.command.Main --dex --output C:\DevAndroid\Calculadora\app\build\intermediates\pre-dexed\debug\classes-e825f583c0e5926a881c10787a265250c84e2cdf.jar C:\DevAndroid\Calculadora\app\build\intermediates\exploded-aar\com.android.support\appcompat-v7\22.2.0\jars\classes.jar
java_class_path (initial): C:\Users\Valter B\AppData\Local\Android\sdk\build-tools\22.0.1\lib\dx.jar
Launcher Type: SUN_STANDARD

Environment Variables:
JAVA_HOME=C:\Program Files\Java\jdk1.8.0_31
CLASSPATH=C:\Program Files\Java\jdk1.8.0_31\lib;
PATH=C:\ProgramData\Oracle\Java\javapath;C:\Program Files (x86)\Common Files\Intel\Shared Files\cpp\bin\Intel64;C:\Program Files (x86)\NVIDIA Corporation\PhysX\Common;C:\Windows\system32;C:\Windows;C:\Windows\System32\Wbem;C:\Windows\System32\WindowsPowerShell\v1.0\;C:\Program Files\Microsoft SQL Server\Client SDK\ODBC\110\Tools\Binn\;C:\Program Files (x86)\Microsoft SQL Server\120\Tools\Binn\;C:\Program Files\Microsoft SQL Server\120\Tools\Binn\;C:\Program Files\Microsoft SQL Server\120\DTS\Binn\;C:\Program Files\nodejs\;C:\Python27;C:\Program Files (x86)\Skype\Phone\;C:\Ruby193\bin;C:\Users\Valter B\AppData\Roaming\npm;C:\Program Files (x86)\Microsoft VS Code\bin;C:\Program Files (x86)\xampp\php;C:\Program Files\Java\jdk1.8.0_31\bin
USERNAME=Valter B
OS=Windows_NT
PROCESSOR_IDENTIFIER=Intel64 Family 6 Model 42 Stepping 7, GenuineIntel



---------------  S Y S T E M  ---------------

OS: Windows 8.1 , 64 bit Build 9600 

CPU:total 4 (2 cores per cpu, 2 threads per core) family 6 model 42 stepping 7, cmov, cx8, fxsr, mmx, sse, sse2, sse3, ssse3, sse4.1, sse4.2, popcnt, avx, clmul, ht, tsc, tscinvbit

Memory: 4k page, physical 8344740k(975924k free), swap 10594136k(1490772k free)

vm_info: Java HotSpot(TM) 64-Bit Server VM (25.31-b07) for windows-amd64 JRE (1.8.0_31-b13), built on Dec 17 2014 21:00:28 by "java_re" with MS VC++ 10.0 (VS2010)

time: Sun Feb 21 15:40:45 2016
elapsed time: 13 seconds (0d 0h 0m 13s)

